  game.cpp
C:\Program Files\Microsoft Visual Studio\2022\Community\VC\Tools\MSVC\14.37.32822\include\xmemory(719,82): error C2661: 'SDL_FPoint::SDL_FPoint': no overloaded function takes 2 arguments
C:\Program Files\Microsoft Visual Studio\2022\Community\VC\Tools\MSVC\14.37.32822\include\xmemory(719,82): message : while trying to match the argument list '(double, double)'
C:\Program Files\Microsoft Visual Studio\2022\Community\VC\Tools\MSVC\14.37.32822\include\vector(800,27): message : see reference to function template instantiation 'void std::_Default_allocator_traits<_Alloc>::construct<_Ty,double&,double&>(_Alloc &,_Objty *const ,double &,double &)' being compiled
          with
          [
              _Alloc=std::allocator<SDL_FPoint>,
              _Ty=SDL_FPoint,
              _Objty=SDL_FPoint
          ]
C:\Program Files\Microsoft Visual Studio\2022\Community\VC\Tools\MSVC\14.37.32822\include\vector(782,20): message : see reference to function template instantiation '_Ty &std::vector<_Ty,std::allocator<_Ty>>::_Emplace_back_with_unused_capacity<double&,double&>(double &,double &)' being compiled
          with
          [
              _Ty=SDL_FPoint
          ]
C:\Program Files\Microsoft Visual Studio\2022\Community\VC\Tools\MSVC\14.37.32822\include\vector(864,24): message : see reference to function template instantiation '_Ty &std::vector<_Ty,std::allocator<_Ty>>::_Emplace_one_at_back<double&,double&>(double &,double &)' being compiled
          with
          [
              _Ty=SDL_FPoint
          ]
D:\joshl\Documents\Programming Life\cpp\VSRepos\ConwayGameofLife\ConwayGameOfLife\screen.h(32,15): message : see reference to function template instantiation 'void std::vector<SDL_FPoint,std::allocator<SDL_FPoint>>::emplace_back<double&,double&>(double &,double &)' being compiled
C:\Program Files\Microsoft Visual Studio\2022\Community\VC\Tools\MSVC\14.37.32822\include\xmemory(719,82): error C2661: 'SDL_Color::SDL_Color': no overloaded function takes 3 arguments
C:\Program Files\Microsoft Visual Studio\2022\Community\VC\Tools\MSVC\14.37.32822\include\xmemory(719,82): message : while trying to match the argument list '(uint8_t, uint8_t, uint8_t)'
C:\Program Files\Microsoft Visual Studio\2022\Community\VC\Tools\MSVC\14.37.32822\include\vector(800,27): message : see reference to function template instantiation 'void std::_Default_allocator_traits<_Alloc>::construct<_Ty,uint8_t&,uint8_t&,uint8_t&>(_Alloc &,_Objty *const ,uint8_t &,uint8_t &,uint8_t &)' being compiled
          with
          [
              _Alloc=std::allocator<SDL_Color>,
              _Ty=SDL_Color,
              _Objty=SDL_Color
          ]
C:\Program Files\Microsoft Visual Studio\2022\Community\VC\Tools\MSVC\14.37.32822\include\vector(782,20): message : see reference to function template instantiation '_Ty &std::vector<_Ty,std::allocator<_Ty>>::_Emplace_back_with_unused_capacity<uint8_t&,uint8_t&,uint8_t&>(uint8_t &,uint8_t &,uint8_t &)' being compiled
          with
          [
              _Ty=SDL_Color
          ]
C:\Program Files\Microsoft Visual Studio\2022\Community\VC\Tools\MSVC\14.37.32822\include\vector(864,24): message : see reference to function template instantiation '_Ty &std::vector<_Ty,std::allocator<_Ty>>::_Emplace_one_at_back<uint8_t&,uint8_t&,uint8_t&>(uint8_t &,uint8_t &,uint8_t &)' being compiled
          with
          [
              _Ty=SDL_Color
          ]
D:\joshl\Documents\Programming Life\cpp\VSRepos\ConwayGameofLife\ConwayGameOfLife\screen.h(33,15): message : see reference to function template instantiation 'void std::vector<SDL_Color,std::allocator<SDL_Color>>::emplace_back<uint8_t&,uint8_t&,uint8_t&>(uint8_t &,uint8_t &,uint8_t &)' being compiled
